<?xml version="1.0" encoding="UTF-8"?>
<testng-results ignored="0" total="1" passed="1" failed="0" skipped="0">
  <reporter-output>
  </reporter-output>
  <suite started-at="2024-06-24T11:33:05 IST" name="Default suite" finished-at="2024-06-24T11:33:28 IST" duration-ms="23125">
    <groups>
    </groups>
    <test started-at="2024-06-24T11:33:05 IST" name="Default test" finished-at="2024-06-24T11:33:28 IST" duration-ms="23125">
      <class name="Register">
        <test-method is-config="true" signature="bsconfig()[pri:0, instance:Register@35dab4eb]" started-at="2024-06-24T11:33:05 IST" name="bsconfig" finished-at="2024-06-24T11:33:05 IST" duration-ms="22" status="PASS">
          <reporter-output>
          </reporter-output>
        </test-method> <!-- bsconfig -->
        <test-method is-config="true" signature="bcconfig()[pri:0, instance:Register@35dab4eb]" started-at="2024-06-24T11:33:05 IST" name="bcconfig" finished-at="2024-06-24T11:33:16 IST" duration-ms="10953" status="PASS">
          <reporter-output>
          </reporter-output>
        </test-method> <!-- bcconfig -->
        <test-method is-config="true" signature="bmconfig()[pri:0, instance:Register@35dab4eb]" started-at="2024-06-24T11:33:16 IST" name="bmconfig" finished-at="2024-06-24T11:33:16 IST" duration-ms="0" status="PASS">
          <reporter-output>
          </reporter-output>
        </test-method> <!-- bmconfig -->
        <test-method signature="createRegister()[pri:0, instance:Register@35dab4eb]" started-at="2024-06-24T11:33:16 IST" name="createRegister" finished-at="2024-06-24T11:33:28 IST" duration-ms="11755" status="PASS">
          <reporter-output>
          </reporter-output>
        </test-method> <!-- createRegister -->
        <test-method is-config="true" signature="amconfig()[pri:0, instance:Register@35dab4eb]" started-at="2024-06-24T11:33:28 IST" name="amconfig" finished-at="2024-06-24T11:33:28 IST" duration-ms="2" status="PASS">
          <reporter-output>
          </reporter-output>
        </test-method> <!-- amconfig -->
        <test-method is-config="true" signature="acConfig()[pri:0, instance:Register@35dab4eb]" started-at="2024-06-24T11:33:28 IST" name="acConfig" finished-at="2024-06-24T11:33:28 IST" duration-ms="335" status="PASS">
          <reporter-output>
          </reporter-output>
        </test-method> <!-- acConfig -->
        <test-method is-config="true" signature="asConfig()[pri:0, instance:Register@35dab4eb]" started-at="2024-06-24T11:33:28 IST" name="asConfig" finished-at="2024-06-24T11:33:28 IST" duration-ms="0" status="PASS">
          <reporter-output>
          </reporter-output>
        </test-method> <!-- asConfig -->
      </class> <!-- Register -->
    </test> <!-- Default test -->
  </suite> <!-- Default suite -->
</testng-results>
